<?xml version="1.0" encoding="UTF-8"?>
<testng-results skipped="0" failed="0" ignored="0" total="1" passed="1">
  <reporter-output>
  </reporter-output>
  <suite name="Selenium" duration-ms="82472" started-at="2020-04-11T04:07:02Z" finished-at="2020-04-11T04:08:25Z">
    <groups>
    </groups>
    <test name="Chrome" duration-ms="82472" started-at="2020-04-11T04:07:02Z" finished-at="2020-04-11T04:08:25Z">
      <class name="com.edureka.testng.ComposeEmailWithAttachment">
        <test-method status="PASS" signature="openApp()[pri:0, instance:com.edureka.testng.ComposeEmailWithAttachment@62ee68d8]" name="openApp" is-config="true" duration-ms="30533" started-at="2020-04-11T04:07:02Z" finished-at="2020-04-11T04:07:33Z">
          <reporter-output>
          </reporter-output>
        </test-method> <!-- openApp -->
        <test-method status="PASS" signature="composeEmail()[pri:0, instance:com.edureka.testng.ComposeEmailWithAttachment@62ee68d8]" name="composeEmail" duration-ms="51843" started-at="2020-04-11T04:07:33Z" finished-at="2020-04-11T04:08:25Z">
          <reporter-output>
          </reporter-output>
        </test-method> <!-- composeEmail -->
      </class> <!-- com.edureka.testng.ComposeEmailWithAttachment -->
    </test> <!-- Chrome -->
  </suite> <!-- Selenium -->
</testng-results>
